-------------------------------------------------------------------------------
Test set: com.olegdulin.nmm.AppTest
-------------------------------------------------------------------------------
Tests run: 1, Failures: 1, Errors: 0, Skipped: 0, Time elapsed: 0.02 sec <<< FAILURE!
testPut(com.olegdulin.nmm.AppTest)  Time elapsed: 0.011 sec  <<< FAILURE!
junit.framework.ComparisonFailure: expected:<put1> but was:<null>
	at junit.framework.Assert.assertEquals(Assert.java:81)
	at junit.framework.Assert.assertEquals(Assert.java:87)
	at com.olegdulin.nmm.AppTest.testPut(AppTest.java:45)
