<?xml version="1.0" encoding="UTF-8" ?>
<testsuite failures="1" time="0.019" errors="0" skipped="0" tests="1" name="com.olegdulin.nmm.AppTest">
  <properties>
[...]
</properties>
  <testcase time="0.011" classname="com.olegdulin.nmm.AppTest" name="testPut">
    <failure message="expected:&lt;put1&gt; but was:&lt;null&gt;" type="junit.framework.ComparisonFailure">junit.framework.ComparisonFailure: expected:&lt;put1&gt; but was:&lt;null&gt;
	at junit.framework.Assert.assertEquals(Assert.java:81)
	at junit.framework.Assert.assertEquals(Assert.java:87)
	at com.olegdulin.nmm.AppTest.testPut(AppTest.java:45)
</failure>
  </testcase>
</testsuite>